<?xml version="1.0" encoding="UTF-8"?>
<!-- Generated by org.testng.reporters.JUnitReportReporter -->
<testsuite hostname="LAPTOP-RP61NQ22" failures="0" tests="1" name="test.ExampleTest" time="0.006" errors="0" timestamp="2023-09-30T16:21:09 IST" skipped="0">
  <testcase classname="test.ExampleTest" name="example1" time="0.006"/>
</testsuite> <!-- test.ExampleTest -->
