<?xml version="1.0" encoding="UTF-8"?>
<!-- Generated by org.testng.reporters.JUnitReportReporter -->
<testsuite hostname="LAPTOP-RP61NQ22" failures="0" tests="3" name="test.DemoTest" time="0.003" errors="0" timestamp="2023-09-30T14:34:46 IST" skipped="0">
  <testcase classname="test.DemoTest" name="demo2" time="0.001"/>
  <testcase classname="test.DemoTest" name="demo3" time="0.001"/>
  <testcase classname="test.DemoTest" name="demo1" time="0.001"/>
</testsuite> <!-- test.DemoTest -->
