<?xml version="1.0" encoding="UTF-8"?>
<!-- Generated by org.testng.reporters.JUnitReportReporter -->
<testsuite hostname="LAPTOP-RP61NQ22" failures="0" tests="6" name="test.AnnotationsTest" time="0.006" errors="0" timestamp="2023-09-30T14:34:46 IST" skipped="0">
  <testcase classname="test.AnnotationsTest" name="executeScript4" time="0.001"/>
  <testcase classname="test.AnnotationsTest" name="executeScript6" time="0.001"/>
  <testcase classname="test.AnnotationsTest" name="executeScript6" time="0.001"/>
  <testcase classname="test.AnnotationsTest" name="executeScript2" time="0.001"/>
  <testcase classname="test.AnnotationsTest" name="executeScript1" time="0.001"/>
  <testcase classname="test.AnnotationsTest" name="executeScript3" time="0.001"/>
</testsuite> <!-- test.AnnotationsTest -->
