<?xml version="1.0" encoding="UTF-8"?>
<!-- Generated by org.testng.reporters.JUnitReportReporter -->
<testsuite hostname="LAPTOP-RP61NQ22" failures="0" tests="2" name="test.ExampleTest" time="0.006" errors="0" timestamp="2023-09-30T14:34:46 IST" skipped="0">
  <testcase classname="test.ExampleTest" name="example3" time="0.002"/>
  <testcase classname="test.ExampleTest" name="example1" time="0.004"/>
</testsuite> <!-- test.ExampleTest -->
