<?xml version="1.0" encoding="UTF-8"?>
<!-- Generated by org.testng.reporters.JUnitReportReporter -->
<testsuite hostname="LAPTOP-RP61NQ22" failures="0" tests="2" name="test.ExecutionOrderTest" time="0.002" errors="0" timestamp="2023-09-30T14:34:46 IST" skipped="0">
  <testcase classname="test.ExecutionOrderTest" name="test2" time="0.000"/>
  <testcase classname="test.ExecutionOrderTest" name="test1" time="0.002"/>
</testsuite> <!-- test.ExecutionOrderTest -->
